[INFO] Scanning for projects...
[INFO] 
[INFO] ---------------------------< com.tm:tm-api >----------------------------
[INFO] Building tm-api 0.0.1-SNAPSHOT
[INFO]   from pom.xml
[INFO] --------------------------------[ jar ]---------------------------------
[INFO] 
[INFO] >>> spring-boot:3.2.2:run (default-cli) > test-compile @ tm-api >>>
[INFO] 
[INFO] --- resources:3.3.1:resources (default-resources) @ tm-api ---
[INFO] Copying 1 resource from src\main\resources to target\classes
[INFO] Copying 1 resource from src\main\resources to target\classes
[INFO] 
[INFO] --- compiler:3.11.0:compile (default-compile) @ tm-api ---
[INFO] Changes detected - recompiling the module! :input tree
[INFO] Compiling 12 source files with javac [debug release 17] to target\classes
[INFO] /d:/GP/tm-api/src/main/java/com/tm/api/model/Task.java: d:\GP\tm-api\src\main\java\com\tm\api\model\Task.java uses or overrides a deprecated API.
[INFO] /d:/GP/tm-api/src/main/java/com/tm/api/model/Task.java: Recompile with -Xlint:deprecation for details.
[INFO] 
[INFO] --- resources:3.3.1:testResources (default-testResources) @ tm-api ---
[INFO] skip non existing resourceDirectory d:\GP\tm-api\src\test\resources
[INFO] 
[INFO] --- compiler:3.11.0:testCompile (default-testCompile) @ tm-api ---
[INFO] Changes detected - recompiling the module! :dependency
[INFO] Compiling 1 source file with javac [debug release 17] to target\test-classes
[INFO] 
[INFO] <<< spring-boot:3.2.2:run (default-cli) < test-compile @ tm-api <<<
[INFO] 
[INFO] 
[INFO] --- spring-boot:3.2.2:run (default-cli) @ tm-api ---
[INFO] Attaching agents: []

  .   ____          _            __ _ _
 /\\ / ___'_ __ _ _(_)_ __  __ _ \ \ \ \
( ( )\___ | '_ | '_| | '_ \/ _` | \ \ \ \
 \\/  ___)| |_)| | | | | || (_| |  ) ) ) )
  '  |____| .__|_| |_|_| |_\__, | / / / /
 =========|_|==============|___/=/_/_/_/
 :: Spring Boot ::                (v3.2.2)

2026-02-03T12:17:06.960-03:00  INFO 15428 --- [tm-api] [           main] com.tm.api.TaskManagerApplication        : Starting TaskManagerApplication using Java 17.0.18 with PID 15428 (D:\GP\tm-api\target\classes started by wilqu in d:\GP\tm-api)
2026-02-03T12:17:06.965-03:00  INFO 15428 --- [tm-api] [           main] com.tm.api.TaskManagerApplication        : No active profile set, falling back to 1 default profile: "default"
2026-02-03T12:17:09.511-03:00  INFO 15428 --- [tm-api] [           main] .s.d.r.c.RepositoryConfigurationDelegate : Bootstrapping Spring Data JPA repositories in DEFAULT mode.
2026-02-03T12:17:09.718-03:00  INFO 15428 --- [tm-api] [           main] .s.d.r.c.RepositoryConfigurationDelegate : Finished Spring Data repository scanning in 176 ms. Found 1 JPA repository interface.
2026-02-03T12:17:11.610-03:00  INFO 15428 --- [tm-api] [           main] o.s.b.w.embedded.tomcat.TomcatWebServer  : Tomcat initialized with port 8080 (http)
2026-02-03T12:17:11.650-03:00  INFO 15428 --- [tm-api] [           main] o.apache.catalina.core.StandardService   : Starting service [Tomcat]
2026-02-03T12:17:11.650-03:00  INFO 15428 --- [tm-api] [           main] o.apache.catalina.core.StandardEngine    : Starting Servlet engine: [Apache Tomcat/10.1.18]
2026-02-03T12:17:11.856-03:00  INFO 15428 --- [tm-api] [           main] o.a.c.c.C.[Tomcat].[localhost].[/]       : Initializing Spring embedded WebApplicationContext
2026-02-03T12:17:11.860-03:00  INFO 15428 --- [tm-api] [           main] w.s.c.ServletWebServerApplicationContext : Root WebApplicationContext: initialization completed in 4770 ms
2026-02-03T12:17:11.939-03:00  INFO 15428 --- [tm-api] [           main] com.zaxxer.hikari.HikariDataSource       : HikariPool-1 - Starting...
2026-02-03T12:17:12.560-03:00  INFO 15428 --- [tm-api] [           main] com.zaxxer.hikari.pool.HikariPool        : HikariPool-1 - Added connection conn0: url=jdbc:h2:mem:tmdb user=SA
2026-02-03T12:17:12.564-03:00  INFO 15428 --- [tm-api] [           main] com.zaxxer.hikari.HikariDataSource       : HikariPool-1 - Start completed.
2026-02-03T12:17:12.597-03:00  INFO 15428 --- [tm-api] [           main] o.s.b.a.h2.H2ConsoleAutoConfiguration    : H2 console available at '/h2-console'. Database available at 'jdbc:h2:mem:tmdb'
2026-02-03T12:17:12.940-03:00  INFO 15428 --- [tm-api] [           main] o.hibernate.jpa.internal.util.LogHelper  : HHH000204: Processing PersistenceUnitInfo [name: default]
2026-02-03T12:17:13.126-03:00  INFO 15428 --- [tm-api] [           main] org.hibernate.Version                    : HHH000412: Hibernate ORM core version 6.4.1.Final
2026-02-03T12:17:13.246-03:00  INFO 15428 --- [tm-api] [           main] o.h.c.internal.RegionFactoryInitiator    : HHH000026: Second-level cache disabled
2026-02-03T12:17:14.129-03:00  INFO 15428 --- [tm-api] [           main] o.s.o.j.p.SpringPersistenceUnitInfo      : No LoadTimeWeaver setup: ignoring JPA class transformer
2026-02-03T12:17:16.715-03:00  INFO 15428 --- [tm-api] [           main] o.h.e.t.j.p.i.JtaPlatformInitiator       : HHH000489: No JTA platform available (set 'hibernate.transaction.jta.platform' to enable JTA platform integration)
Hibernate: 
    create table tasks (
        id uuid not null,
        created_at timestamp(6),
        deleted boolean not null,
        description TEXT,
        due_date timestamp(6) not null,
        priority varchar(255) not null check (priority in ('LOW','MEDIUM','HIGH')),
        status varchar(255) not null check (status in ('TODO','DOING','DONE')),
        title varchar(255) not null,
        updated_at timestamp(6),
        primary key (id)
    )
2026-02-03T12:17:16.870-03:00  INFO 15428 --- [tm-api] [           main] j.LocalContainerEntityManagerFactoryBean : Initialized JPA EntityManagerFactory for persistence unit 'default'
2026-02-03T12:17:18.006-03:00  WARN 15428 --- [tm-api] [           main] JpaBaseConfiguration$JpaWebConfiguration : spring.jpa.open-in-view is enabled by default. Therefore, database queries may be performed during view rendering. Explicitly configure spring.jpa.open-in-view to disable this warning
2026-02-03T12:17:19.229-03:00  INFO 15428 --- [tm-api] [           main] o.s.b.w.embedded.tomcat.TomcatWebServer  : Tomcat started on port 8080 (http) with context path ''
2026-02-03T12:17:19.257-03:00  INFO 15428 --- [tm-api] [           main] com.tm.api.TaskManagerApplication        : Started TaskManagerApplication in 13.479 seconds (process running for 14.792)
[INFO] ------------------------------------------------------------------------
[INFO] BUILD FAILURE
[INFO] ------------------------------------------------------------------------
[INFO] Total time:  06:27 min
[INFO] Finished at: 2026-02-03T12:23:17-03:00
[INFO] ------------------------------------------------------------------------
[ERROR] Failed to execute goal org.springframework.boot:spring-boot-maven-plugin:3.2.2:run (default-cli) on project tm-api: Process terminated with exit code: 1 -> [Help 1]
[ERROR] 
[ERROR] To see the full stack trace of the errors, re-run Maven with the -e switch.
[ERROR] Re-run Maven using the -X switch to enable full debug logging.
[ERROR] 
[ERROR] For more information about the errors and possible solutions, please read the following articles:
[ERROR] [Help 1] http://cwiki.apache.org/confluence/display/MAVEN/MojoExecutionException

d:\GP\tm-api>