[INFO] Scanning for projects...
[INFO] 
[INFO] ---------------------------< com.tm:tm-api >----------------------------
[INFO] Building tm-api 0.0.1-SNAPSHOT
[INFO]   from pom.xml
[INFO] --------------------------------[ jar ]---------------------------------
[INFO] 
[INFO] --- clean:3.3.2:clean (default-clean) @ tm-api ---
[INFO] Deleting d:\GP\tm-api\target
[INFO] 
[INFO] >>> spring-boot:3.2.2:run (default-cli) > test-compile @ tm-api >>>
[INFO] 
[INFO] --- resources:3.3.1:resources (default-resources) @ tm-api ---
[INFO] Copying 1 resource from src\main\resources to target\classes
[INFO] Copying 0 resource from src\main\resources to target\classes
[INFO] 
[INFO] --- compiler:3.11.0:compile (default-compile) @ tm-api ---
[INFO] Changes detected - recompiling the module! :source
[INFO] Compiling 13 source files with javac [debug release 17] to target\classes
[INFO] /d:/GP/tm-api/src/main/java/com/tm/api/model/Task.java: d:\GP\tm-api\src\main\java\com\tm\api\model\Task.java uses or overrides a deprecated API.
[INFO] /d:/GP/tm-api/src/main/java/com/tm/api/model/Task.java: Recompile with -Xlint:deprecation for details.
[INFO] 
[INFO] --- resources:3.3.1:testResources (default-testResources) @ tm-api ---
[INFO] skip non existing resourceDirectory d:\GP\tm-api\src\test\resources
[INFO] 
[INFO] --- compiler:3.11.0:testCompile (default-testCompile) @ tm-api ---
[INFO] Changes detected - recompiling the module! :dependency
[INFO] Compiling 1 source file with javac [debug release 17] to target\test-classes
[INFO] 
[INFO] <<< spring-boot:3.2.2:run (default-cli) < test-compile @ tm-api <<<
[INFO] 
[INFO] 
[INFO] --- spring-boot:3.2.2:run (default-cli) @ tm-api ---
[INFO] Attaching agents: []

  .   ____          _            __ _ _
 /\\ / ___'_ __ _ _(_)_ __  __ _ \ \ \ \
( ( )\___ | '_ | '_| | '_ \/ _` | \ \ \ \
 \\/  ___)| |_)| | | | | || (_| |  ) ) ) )
  '  |____| .__|_| |_|_| |_\__, | / / / /
 =========|_|==============|___/=/_/_/_/
 :: Spring Boot ::                (v3.2.2)

2026-02-03T12:51:37.393-03:00  INFO 16980 --- [tm-api] [           main] com.tm.api.TaskManagerApplication        : Starting TaskManagerApplication using Java 17.0.18 with PID 16980 (D:\GP\tm-api\target\classes started by wilqu in d:\GP\tm-api)
2026-02-03T12:51:37.398-03:00  INFO 16980 --- [tm-api] [           main] com.tm.api.TaskManagerApplication        : No active profile set, falling back to 1 default profile: "default"
2026-02-03T12:51:39.135-03:00  INFO 16980 --- [tm-api] [           main] .s.d.r.c.RepositoryConfigurationDelegate : Bootstrapping Spring Data JPA repositories in DEFAULT mode.
2026-02-03T12:51:39.252-03:00  INFO 16980 --- [tm-api] [           main] .s.d.r.c.RepositoryConfigurationDelegate : Finished Spring Data repository scanning in 99 ms. Found 1 JPA repository interface.
2026-02-03T12:51:40.347-03:00  INFO 16980 --- [tm-api] [           main] o.s.b.w.embedded.tomcat.TomcatWebServer  : Tomcat initialized with port 8080 (http)
2026-02-03T12:51:40.372-03:00  INFO 16980 --- [tm-api] [           main] o.apache.catalina.core.StandardService   : Starting service [Tomcat]
2026-02-03T12:51:40.373-03:00  INFO 16980 --- [tm-api] [           main] o.apache.catalina.core.StandardEngine    : Starting Servlet engine: [Apache Tomcat/10.1.18]
2026-02-03T12:51:40.514-03:00  INFO 16980 --- [tm-api] [           main] o.a.c.c.C.[Tomcat].[localhost].[/]       : Initializing Spring embedded WebApplicationContext
2026-02-03T12:51:40.516-03:00  INFO 16980 --- [tm-api] [           main] w.s.c.ServletWebServerApplicationContext : Root WebApplicationContext: initialization completed in 3008 ms
2026-02-03T12:51:40.565-03:00  INFO 16980 --- [tm-api] [           main] com.zaxxer.hikari.HikariDataSource       : HikariPool-1 - Starting...
2026-02-03T12:51:41.242-03:00  INFO 16980 --- [tm-api] [           main] com.zaxxer.hikari.pool.HikariPool        : HikariPool-1 - Added connection conn0: url=jdbc:h2:file:./data/tmdb user=SA
2026-02-03T12:51:41.245-03:00  INFO 16980 --- [tm-api] [           main] com.zaxxer.hikari.HikariDataSource       : HikariPool-1 - Start completed.
2026-02-03T12:51:41.274-03:00  INFO 16980 --- [tm-api] [           main] o.s.b.a.h2.H2ConsoleAutoConfiguration    : H2 console available at '/h2-console'. Database available at 'jdbc:h2:file:./data/tmdb'
2026-02-03T12:51:41.696-03:00  INFO 16980 --- [tm-api] [           main] o.hibernate.jpa.internal.util.LogHelper  : HHH000204: Processing PersistenceUnitInfo [name: default]
2026-02-03T12:51:41.860-03:00  INFO 16980 --- [tm-api] [           main] org.hibernate.Version                    : HHH000412: Hibernate ORM core version 6.4.1.Final
2026-02-03T12:51:41.963-03:00  INFO 16980 --- [tm-api] [           main] o.h.c.internal.RegionFactoryInitiator    : HHH000026: Second-level cache disabled
2026-02-03T12:51:42.604-03:00  INFO 16980 --- [tm-api] [           main] o.s.o.j.p.SpringPersistenceUnitInfo      : No LoadTimeWeaver setup: ignoring JPA class transformer
2026-02-03T12:51:44.892-03:00  INFO 16980 --- [tm-api] [           main] o.h.e.t.j.p.i.JtaPlatformInitiator       : HHH000489: No JTA platform available (set 'hibernate.transaction.jta.platform' to enable JTA platform integration)
Hibernate: 
    create table tasks (
        id uuid not null,
        created_at timestamp(6),
        deleted boolean not null,
        description TEXT,
        due_date timestamp(6) not null,
        priority varchar(255) not null check (priority in ('LOW','MEDIUM','HIGH')),
        status varchar(255) not null check (status in ('TODO','DOING','DONE')),
        title varchar(255) not null,
        updated_at timestamp(6),
        primary key (id)
    )
2026-02-03T12:51:45.003-03:00  INFO 16980 --- [tm-api] [           main] j.LocalContainerEntityManagerFactoryBean : Initialized JPA EntityManagerFactory for persistence unit 'default'
2026-02-03T12:51:45.692-03:00  WARN 16980 --- [tm-api] [           main] JpaBaseConfiguration$JpaWebConfiguration : spring.jpa.open-in-view is enabled by default. Therefore, database queries may be performed during view rendering. Explicitly configure spring.jpa.open-in-view to disable this warning
2026-02-03T12:51:46.478-03:00  INFO 16980 --- [tm-api] [           main] o.s.b.w.embedded.tomcat.TomcatWebServer  : Tomcat started on port 8080 (http) with context path ''
2026-02-03T12:51:46.505-03:00  INFO 16980 --- [tm-api] [           main] com.tm.api.TaskManagerApplication        : Started TaskManagerApplication in 9.973 seconds (process running for 10.881)
Hibernate: 
    select
        count(*) 
    from
        tasks t1_0 
    where
        (
            t1_0.deleted = false
        )
2026-02-03T12:51:47.034-03:00  INFO 16980 --- [tm-api] [           main] com.tm.api.config.DataInitializer        : Database is empty. Seeding initial data...
Hibernate: 
    insert 
    into
        tasks
        (created_at, deleted, description, due_date, priority, status, title, updated_at, id) 
    values
        (?, ?, ?, ?, ?, ?, ?, ?, ?)
Hibernate: 
    insert 
    into
        tasks
        (created_at, deleted, description, due_date, priority, status, title, updated_at, id) 
    values
        (?, ?, ?, ?, ?, ?, ?, ?, ?)
Hibernate: 
    insert 
    into
        tasks
        (created_at, deleted, description, due_date, priority, status, title, updated_at, id) 
    values
        (?, ?, ?, ?, ?, ?, ?, ?, ?)
Hibernate: 
    insert 
    into
        tasks
        (created_at, deleted, description, due_date, priority, status, title, updated_at, id) 
    values
        (?, ?, ?, ?, ?, ?, ?, ?, ?)
Hibernate: 
    insert 
    into
        tasks
        (created_at, deleted, description, due_date, priority, status, title, updated_at, id) 
    values
        (?, ?, ?, ?, ?, ?, ?, ?, ?)
2026-02-03T12:51:47.178-03:00  INFO 16980 --- [tm-api] [           main] com.tm.api.config.DataInitializer        : Database seeded successfully with 5 tasks.
2026-02-03T12:53:04.600-03:00  INFO 16980 --- [tm-api] [0.0-8080-exec-1] o.a.c.c.C.[Tomcat].[localhost].[/]       : Initializing Spring DispatcherServlet 'dispatcherServlet'
2026-02-03T12:53:04.601-03:00  INFO 16980 --- [tm-api] [0.0-8080-exec-1] o.s.web.servlet.DispatcherServlet        : Initializing Servlet 'dispatcherServlet'
2026-02-03T12:53:04.604-03:00  INFO 16980 --- [tm-api] [0.0-8080-exec-1] o.s.web.servlet.DispatcherServlet        : Completed initialization in 3 ms
2026-02-03T12:53:04.735-03:00  INFO 16980 --- [tm-api] [0.0-8080-exec-1] com.tm.api.controller.TaskController     : Request to get paginated tasks with status: null
2026-02-03T12:53:04.735-03:00  INFO 16980 --- [tm-api] [0.0-8080-exec-1] com.tm.api.service.TaskService           : Fetching paginated tasks with status: ALL
Hibernate: 
    select
        t1_0.id,
        t1_0.created_at,
        t1_0.deleted,
        t1_0.description,
        t1_0.due_date,
        t1_0.priority,
        t1_0.status,
        t1_0.title,
        t1_0.updated_at 
    from
        tasks t1_0 
    where
        (
            t1_0.deleted = false
        ) 
    offset
        ? rows 
    fetch
        first ? rows only
2026-02-03T12:53:05.001-03:00  INFO 16980 --- [tm-api] [0.0-8080-exec-2] com.tm.api.controller.TaskController     : Request to get paginated tasks with status: null
2026-02-03T12:53:05.001-03:00  INFO 16980 --- [tm-api] [0.0-8080-exec-2] com.tm.api.service.TaskService           : Fetching paginated tasks with status: ALL
Hibernate: 
    select
        t1_0.id,
        t1_0.created_at,
        t1_0.deleted,
        t1_0.description,
        t1_0.due_date,
        t1_0.priority,
        t1_0.status,
        t1_0.title,
        t1_0.updated_at 
    from
        tasks t1_0 
    where
        (
            t1_0.deleted = false
        ) 
    offset
        ? rows 
    fetch
        first ? rows only
2026-02-03T12:53:11.327-03:00  INFO 16980 --- [tm-api] [0.0-8080-exec-5] com.tm.api.controller.TaskController     : Request to delete task id: cd2eb0c5-1fd7-4b7a-961a-f873aab3c696
2026-02-03T12:53:11.330-03:00  INFO 16980 --- [tm-api] [0.0-8080-exec-5] com.tm.api.service.TaskService           : Deleting task id: cd2eb0c5-1fd7-4b7a-961a-f873aab3c696
Hibernate: 
    select
        count(*) 
    from
        tasks t1_0 
    where
        (
            t1_0.deleted = false
        ) 
        and t1_0.id=?
Hibernate: 
    select
        t1_0.id,
        t1_0.created_at,
        t1_0.deleted,
        t1_0.description,
        t1_0.due_date,
        t1_0.priority,
        t1_0.status,
        t1_0.title,
        t1_0.updated_at 
    from
        tasks t1_0 
    where
        t1_0.id=? 
        and (
            t1_0.deleted = false
        )
Hibernate: 
    UPDATE
        tasks 
    SET
        deleted = true 
    WHERE
        id=?
2026-02-03T12:53:11.809-03:00  INFO 16980 --- [tm-api] [.0-8080-exec-10] com.tm.api.controller.TaskController     : Request to get paginated tasks with status: null
2026-02-03T12:53:11.809-03:00  INFO 16980 --- [tm-api] [.0-8080-exec-10] com.tm.api.service.TaskService           : Fetching paginated tasks with status: ALL
Hibernate: 
    select
        t1_0.id,
        t1_0.created_at,
        t1_0.deleted,
        t1_0.description,
        t1_0.due_date,
        t1_0.priority,
        t1_0.status,
        t1_0.title,
        t1_0.updated_at 
    from
        tasks t1_0 
    where
        (
            t1_0.deleted = false
        ) 
    offset
        ? rows 
    fetch
        first ? rows only
2026-02-03T12:53:16.073-03:00  INFO 16980 --- [tm-api] [0.0-8080-exec-9] com.tm.api.controller.TaskController     : Request to delete task id: c575a6df-d8ae-49cd-82c2-47bdff9f5584
2026-02-03T12:53:16.075-03:00  INFO 16980 --- [tm-api] [0.0-8080-exec-9] com.tm.api.service.TaskService           : Deleting task id: c575a6df-d8ae-49cd-82c2-47bdff9f5584
Hibernate: 
    select
        count(*) 
    from
        tasks t1_0 
    where
        (
            t1_0.deleted = false
        ) 
        and t1_0.id=?
Hibernate: 
    select
        t1_0.id,
        t1_0.created_at,
        t1_0.deleted,
        t1_0.description,
        t1_0.due_date,
        t1_0.priority,
        t1_0.status,
        t1_0.title,
        t1_0.updated_at 
    from
        tasks t1_0 
    where
        t1_0.id=? 
        and (
            t1_0.deleted = false
        )
Hibernate: 
    UPDATE
        tasks 
    SET
        deleted = true 
    WHERE
        id=?
2026-02-03T12:53:16.193-03:00  INFO 16980 --- [tm-api] [0.0-8080-exec-8] com.tm.api.controller.TaskController     : Request to get paginated tasks with status: null
2026-02-03T12:53:16.194-03:00  INFO 16980 --- [tm-api] [0.0-8080-exec-8] com.tm.api.service.TaskService           : Fetching paginated tasks with status: ALL
Hibernate: 
    select
        t1_0.id,
        t1_0.created_at,
        t1_0.deleted,
        t1_0.description,
        t1_0.due_date,
        t1_0.priority,
        t1_0.status,
        t1_0.title,
        t1_0.updated_at 
    from
        tasks t1_0 
    where
        (
            t1_0.deleted = false
        ) 
    offset
        ? rows 
    fetch
        first ? rows only
2026-02-03T12:55:06.798-03:00  INFO 16980 --- [tm-api] [0.0-8080-exec-1] com.tm.api.controller.TaskController     : Request to get paginated tasks with status: null
2026-02-03T12:55:06.803-03:00  INFO 16980 --- [tm-api] [0.0-8080-exec-1] com.tm.api.service.TaskService           : Fetching paginated tasks with status: ALL
Hibernate: 
    select
        t1_0.id,
        t1_0.created_at,
        t1_0.deleted,
        t1_0.description,
        t1_0.due_date,
        t1_0.priority,
        t1_0.status,
        t1_0.title,
        t1_0.updated_at 
    from
        tasks t1_0 
    where
        (
            t1_0.deleted = false
        ) 
    offset
        ? rows 
    fetch
        first ? rows only
2026-02-03T12:55:06.868-03:00  INFO 16980 --- [tm-api] [0.0-8080-exec-2] com.tm.api.controller.TaskController     : Request to get paginated tasks with status: null
2026-02-03T12:55:06.868-03:00  INFO 16980 --- [tm-api] [0.0-8080-exec-2] com.tm.api.service.TaskService           : Fetching paginated tasks with status: ALL
Hibernate: 
    select
        t1_0.id,
        t1_0.created_at,
        t1_0.deleted,
        t1_0.description,
        t1_0.due_date,
        t1_0.priority,
        t1_0.status,
        t1_0.title,
        t1_0.updated_at 
    from
        tasks t1_0 
    where
        (
            t1_0.deleted = false
        ) 
    offset
        ? rows 
    fetch
        first ? rows only
2026-02-03T12:55:16.184-03:00  INFO 16980 --- [tm-api] [0.0-8080-exec-4] com.tm.api.controller.TaskController     : Request to delete task id: 567b7c4d-f72e-445c-9758-6dc3e568d716
2026-02-03T12:55:16.186-03:00  INFO 16980 --- [tm-api] [0.0-8080-exec-4] com.tm.api.service.TaskService           : Deleting task id: 567b7c4d-f72e-445c-9758-6dc3e568d716
Hibernate: 
    select
        count(*) 
    from
        tasks t1_0 
    where
        (
            t1_0.deleted = false
        ) 
        and t1_0.id=?
Hibernate: 
    select
        t1_0.id,
        t1_0.created_at,
        t1_0.deleted,
        t1_0.description,
        t1_0.due_date,
        t1_0.priority,
        t1_0.status,
        t1_0.title,
        t1_0.updated_at 
    from
        tasks t1_0 
    where
        t1_0.id=? 
        and (
            t1_0.deleted = false
        )
Hibernate: 
    UPDATE
        tasks 
    SET
        deleted = true 
    WHERE
        id=?
2026-02-03T12:55:16.325-03:00  INFO 16980 --- [tm-api] [0.0-8080-exec-5] com.tm.api.controller.TaskController     : Request to get paginated tasks with status: null
2026-02-03T12:55:16.326-03:00  INFO 16980 --- [tm-api] [0.0-8080-exec-5] com.tm.api.service.TaskService           : Fetching paginated tasks with status: ALL
Hibernate: 
    select
        t1_0.id,
        t1_0.created_at,
        t1_0.deleted,
        t1_0.description,
        t1_0.due_date,
        t1_0.priority,
        t1_0.status,
        t1_0.title,
        t1_0.updated_at 
    from
        tasks t1_0 
    where
        (
            t1_0.deleted = false
        ) 
    offset
        ? rows 
    fetch
        first ? rows only
2026-02-03T12:57:50.535-03:00  INFO 16980 --- [tm-api] [0.0-8080-exec-6] com.tm.api.controller.TaskController     : Request to get paginated tasks with status: null
2026-02-03T12:57:50.537-03:00  INFO 16980 --- [tm-api] [0.0-8080-exec-6] com.tm.api.service.TaskService           : Fetching paginated tasks with status: ALL
Hibernate: 
    select
        t1_0.id,
        t1_0.created_at,
        t1_0.deleted,
        t1_0.description,
        t1_0.due_date,
        t1_0.priority,
        t1_0.status,
        t1_0.title,
        t1_0.updated_at 
    from
        tasks t1_0 
    where
        (
            t1_0.deleted = false
        ) 
    offset
        ? rows 
    fetch
        first ? rows only
2026-02-03T12:57:50.573-03:00  INFO 16980 --- [tm-api] [0.0-8080-exec-1] com.tm.api.controller.TaskController     : Request to get paginated tasks with status: null
2026-02-03T12:57:50.575-03:00  INFO 16980 --- [tm-api] [0.0-8080-exec-1] com.tm.api.service.TaskService           : Fetching paginated tasks with status: ALL
Hibernate: 
    select
        t1_0.id,
        t1_0.created_at,
        t1_0.deleted,
        t1_0.description,
        t1_0.due_date,
        t1_0.priority,
        t1_0.status,
        t1_0.title,
        t1_0.updated_at 
    from
        tasks t1_0 
    where
        (
            t1_0.deleted = false
        ) 
    offset
        ? rows 
    fetch
        first ? rows only
2026-02-03T12:57:54.942-03:00  INFO 16980 --- [tm-api] [0.0-8080-exec-3] com.tm.api.controller.TaskController     : Request to delete task id: cf1caf72-7dae-46b6-9501-f7ae95bd5bac
2026-02-03T12:57:54.942-03:00  INFO 16980 --- [tm-api] [0.0-8080-exec-3] com.tm.api.service.TaskService           : Deleting task id: cf1caf72-7dae-46b6-9501-f7ae95bd5bac
Hibernate: 
    select
        count(*) 
    from
        tasks t1_0 
    where
        (
            t1_0.deleted = false
        ) 
        and t1_0.id=?
Hibernate: 
    select
        t1_0.id,
        t1_0.created_at,
        t1_0.deleted,
        t1_0.description,
        t1_0.due_date,
        t1_0.priority,
        t1_0.status,
        t1_0.title,
        t1_0.updated_at 
    from
        tasks t1_0 
    where
        t1_0.id=? 
        and (
            t1_0.deleted = false
        )
Hibernate: 
    UPDATE
        tasks 
    SET
        deleted = true 
    WHERE
        id=?
2026-02-03T12:57:55.009-03:00  INFO 16980 --- [tm-api] [0.0-8080-exec-4] com.tm.api.controller.TaskController     : Request to get paginated tasks with status: null
2026-02-03T12:57:55.010-03:00  INFO 16980 --- [tm-api] [0.0-8080-exec-4] com.tm.api.service.TaskService           : Fetching paginated tasks with status: ALL
Hibernate: 
    select
        t1_0.id,
        t1_0.created_at,
        t1_0.deleted,
        t1_0.description,
        t1_0.due_date,
        t1_0.priority,
        t1_0.status,
        t1_0.title,
        t1_0.updated_at 
    from
        tasks t1_0 
    where
        (
            t1_0.deleted = false
        ) 
    offset
        ? rows 
    fetch
        first ? rows only
[INFO] ------------------------------------------------------------------------
[INFO] BUILD FAILURE
[INFO] ------------------------------------------------------------------------
[INFO] Total time:  06:46 min
[INFO] Finished at: 2026-02-03T12:58:07-03:00
[INFO] ------------------------------------------------------------------------
[ERROR] Failed to execute goal org.springframework.boot:spring-boot-maven-plugin:3.2.2:run (default-cli) on project tm-api: Process terminated with exit code: 1 -> [Help 1]
[ERROR] 
[ERROR] To see the full stack trace of the errors, re-run Maven with the -e switch.
[ERROR] Re-run Maven using the -X switch to enable full debug logging.
[ERROR] 
[ERROR] For more information about the errors and possible solutions, please read the following articles:
[ERROR] [Help 1] http://cwiki.apache.org/confluence/display/MAVEN/MojoExecutionException
