[INFO] Scanning for projects...
[INFO] 
[INFO] ---------------------------< com.tm:tm-api >----------------------------
[INFO] Building tm-api 0.0.1-SNAPSHOT
[INFO]   from pom.xml
[INFO] --------------------------------[ jar ]---------------------------------
[INFO] 
[INFO] --- clean:3.3.2:clean (default-clean) @ tm-api ---
[INFO] Deleting d:\GP\tm-api\target
[INFO] 
[INFO] --- resources:3.3.1:resources (default-resources) @ tm-api ---
[INFO] Copying 1 resource from src\main\resources to target\classes
[INFO] Copying 1 resource from src\main\resources to target\classes
[INFO] 
[INFO] --- compiler:3.11.0:compile (default-compile) @ tm-api ---
[INFO] Changes detected - recompiling the module! :source
[INFO] Compiling 12 source files with javac [debug release 17] to target\classes
[INFO] /d:/GP/tm-api/src/main/java/com/tm/api/model/Task.java: d:\GP\tm-api\src\main\java\com\tm\api\model\Task.java uses or overrides a deprecated API.
[INFO] /d:/GP/tm-api/src/main/java/com/tm/api/model/Task.java: Recompile with -Xlint:deprecation for details.
[INFO] ------------------------------------------------------------------------
[INFO] BUILD SUCCESS
[INFO] ------------------------------------------------------------------------
[INFO] Total time:  10.525 s
[INFO] Finished at: 2026-02-03T10:22:30-03:00
[INFO] ------------------------------------------------------------------------
